Feb 20 15:02:07: main: Command pipe created
Feb 20 15:02:49: main: Initializing Ocsipersist-dbm...
Feb 20 15:02:49: main: Launching a new Ocsidbm process: extensions/ocsipersist-dbm/ocsidbm on directory var/lib/ocsipersist.
Feb 20 15:02:50: main: ...Initialization of Ocsipersist-dbm complete
Feb 20 15:02:51: main: While parsing config file, tag <host>: No defaulthostname, assuming it is "dev1217.snc6.facebook.com"
Feb 20 15:02:51: main: Ocsigen has been launched (initialisations ok)
Feb 20 15:03:54: main: Initializing Ocsipersist-dbm...
Feb 20 15:03:54: main: Launching a new Ocsidbm process: extensions/ocsipersist-dbm/ocsidbm on directory var/lib/ocsipersist.
Feb 20 15:03:55: main: ...Initialization of Ocsipersist-dbm complete
Feb 20 15:03:56: main: While parsing config file, tag <host>: No defaulthostname, assuming it is "dev1217.snc6.facebook.com"
Feb 20 15:03:56: main: Ocsigen has been launched (initialisations ok)
Feb 20 15:05:19: main: Initializing Ocsipersist-dbm...
Feb 20 15:05:19: main: Launching a new Ocsidbm process: /home/pad/github/fork-ocsigen/extensions/ocsipersist-dbm/ocsidbm on directory /home/pad/github/fork-ocsigen/var/lib/ocsipersist.
Feb 20 15:05:20: main: ...Initialization of Ocsipersist-dbm complete
Feb 20 15:05:20: main: While parsing config file, tag <host>: No defaulthostname, assuming it is "dev1217.snc6.facebook.com"
Feb 20 15:05:20: main: Ocsigen has been launched (initialisations ok)
Feb 20 15:36:26: main: Initializing Ocsipersist-dbm...
Feb 20 15:36:26: main: Launching a new Ocsidbm process: /home/pad/github/fork-ocsigen/extensions/ocsipersist-dbm/ocsidbm on directory /home/pad/github/fork-ocsigen/var/lib/ocsipersist.
Feb 20 15:36:27: main: ...Initialization of Ocsipersist-dbm complete
Feb 20 15:36:28: main: While parsing config file, tag <host>: No defaulthostname, assuming it is "dev1217.snc6.facebook.com"
Feb 20 15:36:28: main: Ocsigen has been launched (initialisations ok)
Feb 20 15:51:01: main: Initializing Ocsipersist-dbm...
Feb 20 15:51:01: main: Launching a new Ocsidbm process: /home/pad/github/fork-ocsigen/extensions/ocsipersist-dbm/ocsidbm on directory /home/pad/github/fork-ocsigen/var/lib/ocsipersist.
Feb 20 15:51:02: main: ...Initialization of Ocsipersist-dbm complete
Feb 20 15:51:03: main: While parsing config file, tag <host>: No defaulthostname, assuming it is "dev1217.snc6.facebook.com"
Feb 20 15:51:03: main: Ocsigen has been launched (initialisations ok)
Feb 20 16:13:23: main: Initializing Ocsipersist-dbm...
Feb 20 16:13:23: main: Launching a new Ocsidbm process: /home/pad/github/fork-ocsigen/extensions/ocsipersist-dbm/ocsidbm on directory /home/pad/github/fork-ocsigen/var/lib/ocsipersist.
Feb 20 16:13:24: main: ...Initialization of Ocsipersist-dbm complete
Feb 20 16:13:24: main: While parsing config file, tag <host>: No defaulthostname, assuming it is "dev1217.snc6.facebook.com"
Feb 20 16:13:53: main: Initializing Ocsipersist-dbm...
Feb 20 16:13:53: main: Launching a new Ocsidbm process: /home/pad/github/fork-ocsigen/extensions/ocsipersist-dbm/ocsidbm on directory /home/pad/github/fork-ocsigen/var/lib/ocsipersist.
Feb 20 16:13:54: main: ...Initialization of Ocsipersist-dbm complete
Feb 20 16:13:54: main: While parsing config file, tag <host>: No defaulthostname, assuming it is "dev1217.snc6.facebook.com"
Feb 20 16:19:16: main: Initializing Ocsipersist-dbm...
Feb 20 16:19:16: main: Launching a new Ocsidbm process: /home/pad/github/fork-ocsigen/extensions/ocsipersist-dbm/ocsidbm on directory /home/pad/github/fork-ocsigen/var/lib/ocsipersist.
Feb 20 16:19:17: main: ...Initialization of Ocsipersist-dbm complete
Feb 20 16:19:17: main: While parsing config file, tag <host>: No defaulthostname, assuming it is "dev1217.snc6.facebook.com"
Feb 20 16:19:54: main: Initializing Ocsipersist-dbm...
Feb 20 16:19:54: main: Launching a new Ocsidbm process: /home/pad/github/fork-ocsigen/extensions/ocsipersist-dbm/ocsidbm on directory /home/pad/github/fork-ocsigen/var/lib/ocsipersist.
Feb 20 16:19:55: main: ...Initialization of Ocsipersist-dbm complete
Feb 20 16:19:55: main: While parsing config file, tag <host>: No defaulthostname, assuming it is "dev1217.snc6.facebook.com"
Feb 20 16:19:55: main: Ocsigen has been launched (initialisations ok)
Feb 20 16:21:35: main: Initializing Ocsipersist-dbm...
Feb 20 16:21:35: main: Launching a new Ocsidbm process: /home/pad/github/fork-ocsigen/extensions/ocsipersist-dbm/ocsidbm on directory /home/pad/github/fork-ocsigen/var/lib/ocsipersist.
Feb 20 16:21:36: main: ...Initialization of Ocsipersist-dbm complete
Feb 20 16:21:36: main: While parsing config file, tag <host>: No defaulthostname, assuming it is "dev1217.snc6.facebook.com"
Feb 20 16:21:36: main: Ocsigen has been launched (initialisations ok)
Feb 20 16:30:05: main: Initializing Ocsipersist-dbm...
Feb 20 16:30:05: main: Launching a new Ocsidbm process: /home/pad/github/fork-ocsigen/extensions/ocsipersist-dbm/ocsidbm on directory /home/pad/github/fork-ocsigen/var/lib/ocsipersist.
Feb 20 16:30:06: main: ...Initialization of Ocsipersist-dbm complete
Feb 20 16:30:07: main: While parsing config file, tag <host>: No defaulthostname, assuming it is "dev1217.snc6.facebook.com"
Feb 20 16:30:07: main: Ocsigen has been launched (initialisations ok)
Feb 20 16:43:41: main: Initializing Ocsipersist-dbm...
Feb 20 16:43:41: main: Launching a new Ocsidbm process: /home/pad/github/fork-ocsigen/extensions/ocsipersist-dbm/ocsidbm on directory /home/pad/github/fork-ocsigen/var/lib/ocsipersist.
Feb 20 16:43:42: main: ...Initialization of Ocsipersist-dbm complete
Feb 20 16:43:42: main: While parsing config file, tag <host>: No defaulthostname, assuming it is "dev1217.snc6.facebook.com"
Feb 20 16:46:33: main: Initializing Ocsipersist-dbm...
Feb 20 16:46:33: main: Launching a new Ocsidbm process: /home/pad/github/fork-ocsigen/extensions/ocsipersist-dbm/ocsidbm on directory /home/pad/github/fork-ocsigen/var/lib/ocsipersist.
Feb 20 16:46:34: main: ...Initialization of Ocsipersist-dbm complete
Feb 20 16:46:34: main: While parsing config file, tag <host>: No defaulthostname, assuming it is "dev1217.snc6.facebook.com"
Feb 20 16:46:59: main: Initializing Ocsipersist-dbm...
Feb 20 16:46:59: main: Launching a new Ocsidbm process: /home/pad/github/fork-ocsigen/extensions/ocsipersist-dbm/ocsidbm on directory /home/pad/github/fork-ocsigen/var/lib/ocsipersist.
Feb 20 16:47:01: main: ...Initialization of Ocsipersist-dbm complete
Feb 20 16:47:01: main: While parsing config file, tag <host>: No defaulthostname, assuming it is "dev1217.snc6.facebook.com"
Feb 20 16:48:11: main: Initializing Ocsipersist-dbm...
Feb 20 16:48:11: main: Launching a new Ocsidbm process: /home/pad/github/fork-ocsigen/extensions/ocsipersist-dbm/ocsidbm on directory /home/pad/github/fork-ocsigen/var/lib/ocsipersist.
Feb 20 16:48:12: main: ...Initialization of Ocsipersist-dbm complete
Feb 20 16:48:12: main: While parsing config file, tag <host>: No defaulthostname, assuming it is "dev1217.snc6.facebook.com"
Feb 20 16:48:12: main: Ocsigen has been launched (initialisations ok)
Feb 20 16:50:08: main: Initializing Ocsipersist-dbm...
Feb 20 16:50:08: main: Launching a new Ocsidbm process: /home/pad/github/fork-ocsigen/extensions/ocsipersist-dbm/ocsidbm on directory /home/pad/github/fork-ocsigen/var/lib/ocsipersist.
Feb 20 16:50:09: main: ...Initialization of Ocsipersist-dbm complete
Feb 20 16:50:10: main: While parsing config file, tag <host>: No defaulthostname, assuming it is "dev1217.snc6.facebook.com"
Feb 20 16:52:24: main: Initializing Ocsipersist-dbm...
Feb 20 16:52:24: main: Launching a new Ocsidbm process: /home/pad/github/fork-ocsigen/extensions/ocsipersist-dbm/ocsidbm on directory /home/pad/github/fork-ocsigen/var/lib/ocsipersist.
Feb 20 16:52:25: main: ...Initialization of Ocsipersist-dbm complete
Feb 20 16:52:25: main: While parsing config file, tag <host>: No defaulthostname, assuming it is "dev1217.snc6.facebook.com"
Feb 20 16:52:25: main: Ocsigen has been launched (initialisations ok)
Feb 20 16:58:31: main: Initializing Ocsipersist-dbm...
Feb 20 16:58:31: main: Launching a new Ocsidbm process: /home/pad/github/fork-ocsigen/extensions/ocsipersist-dbm/ocsidbm on directory /home/pad/github/fork-ocsigen/var/lib/ocsipersist.
Feb 20 16:58:32: main: ...Initialization of Ocsipersist-dbm complete
Feb 20 16:58:32: main: While parsing config file, tag <host>: No defaulthostname, assuming it is "dev1217.snc6.facebook.com"
Feb 20 16:58:32: main: Ocsigen has been launched (initialisations ok)
Feb 20 17:01:20: main: Initializing Ocsipersist-dbm...
Feb 20 17:01:20: main: Launching a new Ocsidbm process: /home/pad/github/fork-ocsigen/extensions/ocsipersist-dbm/ocsidbm on directory /home/pad/github/fork-ocsigen/var/lib/ocsipersist.
Feb 20 17:01:22: main: ...Initialization of Ocsipersist-dbm complete
Feb 20 17:01:22: main: While parsing config file, tag <host>: No defaulthostname, assuming it is "dev1217.snc6.facebook.com"
Feb 20 17:01:22: main: Ocsigen has been launched (initialisations ok)
Feb 20 17:03:44: main: Initializing Ocsipersist-dbm...
Feb 20 17:03:44: main: Launching a new Ocsidbm process: /home/pad/github/fork-ocsigen/extensions/ocsipersist-dbm/ocsidbm on directory /home/pad/github/fork-ocsigen/var/lib/ocsipersist.
Feb 20 17:03:45: main: ...Initialization of Ocsipersist-dbm complete
Feb 20 17:03:45: main: While parsing config file, tag <host>: No defaulthostname, assuming it is "dev1217.snc6.facebook.com"
Feb 20 17:04:24: main: Initializing Ocsipersist-dbm...
Feb 20 17:04:24: main: Launching a new Ocsidbm process: /home/pad/github/fork-ocsigen/extensions/ocsipersist-dbm/ocsidbm on directory /home/pad/github/fork-ocsigen/var/lib/ocsipersist.
Feb 20 17:04:25: main: ...Initialization of Ocsipersist-dbm complete
Feb 20 17:04:25: main: While parsing config file, tag <host>: No defaulthostname, assuming it is "dev1217.snc6.facebook.com"
Feb 20 17:04:25: main: Ocsigen has been launched (initialisations ok)
Feb 20 17:18:50: main: Initializing Ocsipersist-dbm...
Feb 20 17:18:50: main: Launching a new Ocsidbm process: /home/pad/github/fork-ocsigen/extensions/ocsipersist-dbm/ocsidbm on directory /home/pad/github/fork-ocsigen/files/var/lib/ocsipersist.
Feb 20 17:18:51: main: ...Initialization of Ocsipersist-dbm complete
Feb 20 17:18:51: main: While parsing config file, tag <host>: No defaulthostname, assuming it is "dev1217.snc6.facebook.com"
Feb 20 17:18:51: main: Ocsigen has been launched (initialisations ok)
Feb 20 17:37:56: main: Initializing Ocsipersist-dbm...
Feb 20 17:37:56: main: Launching a new Ocsidbm process: /home/pad/github/fork-ocsigen/extensions/ocsipersist-dbm/ocsidbm on directory /home/pad/github/fork-ocsigen/files/var/lib/ocsipersist.
Feb 20 17:37:57: main: ...Initialization of Ocsipersist-dbm complete
Feb 20 17:37:57: main: While parsing config file, tag <host>: No defaulthostname, assuming it is "dev1217.snc6.facebook.com"
Feb 20 17:37:57: main: Ocsigen has been launched (initialisations ok)
